<?xml version="1.0" encoding="UTF-8"?>
<testsuite xmlns:xsi="http://www.w3.org/2001/XMLSchema-instance" xsi:noNamespaceSchemaLocation="https://maven.apache.org/surefire/maven-surefire-plugin/xsd/surefire-test-report-3.0.xsd" version="3.0" name="org.matsim.contrib.Psafe.AppTest" time="0.049" tests="1" errors="0" skipped="0" failures="0">
  <properties>
    <property name="java.specification.version" value="21"/>
    <property name="sun.jnu.encoding" value="UTF-8"/>
    <property name="java.class.path" value="/Users/panosgtzouras/Desktop/github_tzouras/Psafe/target/test-classes:/Users/panosgtzouras/Desktop/github_tzouras/Psafe/target/classes:/Users/panosgtzouras/.m2/repository/org/matsim/matsim/2024.0/matsim-2024.0.jar:/Users/panosgtzouras/.m2/repository/it/unimi/dsi/fastutil-core/8.5.13/fastutil-core-8.5.13.jar:/Users/panosgtzouras/.m2/repository/org/geotools/gt-main/29.5/gt-main-29.5.jar:/Users/panosgtzouras/.m2/repository/org/geotools/gt-http/29.5/gt-http-29.5.jar:/Users/panosgtzouras/.m2/repository/org/apache/commons/commons-text/1.10.0/commons-text-1.10.0.jar:/Users/panosgtzouras/.m2/repository/com/google/re2j/re2j/1.6/re2j-1.6.jar:/Users/panosgtzouras/.m2/repository/org/ejml/ejml-ddense/0.41/ejml-ddense-0.41.jar:/Users/panosgtzouras/.m2/repository/org/ejml/ejml-core/0.41/ejml-core-0.41.jar:/Users/panosgtzouras/.m2/repository/javax/media/jai_core/1.1.3/jai_core-1.1.3.jar:/Users/panosgtzouras/.m2/repository/org/geotools/gt-referencing/29.5/gt-referencing-29.5.jar:/Users/panosgtzouras/.m2/repository/commons-pool/commons-pool/1.5.4/commons-pool-1.5.4.jar:/Users/panosgtzouras/.m2/repository/org/geotools/gt-metadata/29.5/gt-metadata-29.5.jar:/Users/panosgtzouras/.m2/repository/org/geotools/gt-opengis/29.5/gt-opengis-29.5.jar:/Users/panosgtzouras/.m2/repository/systems/uom/systems-common/2.1/systems-common-2.1.jar:/Users/panosgtzouras/.m2/repository/javax/measure/unit-api/2.1.2/unit-api-2.1.2.jar:/Users/panosgtzouras/.m2/repository/si/uom/si-quantity/2.1/si-quantity-2.1.jar:/Users/panosgtzouras/.m2/repository/si/uom/si-units/2.1/si-units-2.1.jar:/Users/panosgtzouras/.m2/repository/jakarta/annotation/jakarta.annotation-api/1.3.4/jakarta.annotation-api-1.3.4.jar:/Users/panosgtzouras/.m2/repository/tech/units/indriya/2.1.3/indriya-2.1.3.jar:/Users/panosgtzouras/.m2/repository/tech/uom/lib/uom-lib-common/2.1/uom-lib-common-2.1.jar:/Users/panosgtzouras/.m2/repository/javax/inject/javax.inject/1/javax.inject-1.jar:/Users/panosgtzouras/.m2/repository/org/geotools/ogc/net.opengis.ows/29.5/net.opengis.ows-29.5.jar:/Users/panosgtzouras/.m2/repository/org/geotools/ogc/org.w3.xlink/29.5/org.w3.xlink-29.5.jar:/Users/panosgtzouras/.m2/repository/it/geosolutions/jgridshift/jgridshift-core/1.3/jgridshift-core-1.3.jar:/Users/panosgtzouras/.m2/repository/net/sf/geographiclib/GeographicLib-Java/1.49/GeographicLib-Java-1.49.jar:/Users/panosgtzouras/.m2/repository/org/geotools/gt-shapefile/29.5/gt-shapefile-29.5.jar:/Users/panosgtzouras/.m2/repository/org/geotools/gt-geopkg/29.5/gt-geopkg-29.5.jar:/Users/panosgtzouras/.m2/repository/org/geotools/gt-coverage/29.5/gt-coverage-29.5.jar:/Users/panosgtzouras/.m2/repository/javax/media/jai_imageio/1.1/jai_imageio-1.1.jar:/Users/panosgtzouras/.m2/repository/it/geosolutions/imageio-ext/imageio-ext-tiff/1.4.7/imageio-ext-tiff-1.4.7.jar:/Users/panosgtzouras/.m2/repository/it/geosolutions/imageio-ext/imageio-ext-utilities/1.4.7/imageio-ext-utilities-1.4.7.jar:/Users/panosgtzouras/.m2/repository/it/geosolutions/imageio-ext/imageio-ext-geocore/1.4.7/imageio-ext-geocore-1.4.7.jar:/Users/panosgtzouras/.m2/repository/it/geosolutions/imageio-ext/imageio-ext-streams/1.4.7/imageio-ext-streams-1.4.7.jar:/Users/panosgtzouras/.m2/repository/javax/xml/bind/jaxb-api/2.4.0-b180830.0359/jaxb-api-2.4.0-b180830.0359.jar:/Users/panosgtzouras/.m2/repository/org/glassfish/jaxb/jaxb-runtime/2.4.0-b180830.0438/jaxb-runtime-2.4.0-b180830.0438.jar:/Users/panosgtzouras/.m2/repository/org/glassfish/jaxb/txw2/2.4.0-b180830.0438/txw2-2.4.0-b180830.0438.jar:/Users/panosgtzouras/.m2/repository/com/sun/istack/istack-commons-runtime/3.0.7/istack-commons-runtime-3.0.7.jar:/Users/panosgtzouras/.m2/repository/org/jvnet/staxex/stax-ex/1.8/stax-ex-1.8.jar:/Users/panosgtzouras/.m2/repository/com/sun/xml/fastinfoset/FastInfoset/1.2.15/FastInfoset-1.2.15.jar:/Users/panosgtzouras/.m2/repository/javax/activation/javax.activation-api/1.2.0/javax.activation-api-1.2.0.jar:/Users/panosgtzouras/.m2/repository/io/airlift/aircompressor/0.20/aircompressor-0.20.jar:/Users/panosgtzouras/.m2/repository/javax/media/jai_codec/1.1.3/jai_codec-1.1.3.jar:/Users/panosgtzouras/.m2/repository/org/jaitools/jt-zonalstats/1.6.0/jt-zonalstats-1.6.0.jar:/Users/panosgtzouras/.m2/repository/org/jaitools/jt-utils/1.6.0/jt-utils-1.6.0.jar:/Users/panosgtzouras/.m2/repository/it/geosolutions/jaiext/affine/jt-affine/1.1.24/jt-affine-1.1.24.jar:/Users/panosgtzouras/.m2/repository/it/geosolutions/jaiext/algebra/jt-algebra/1.1.24/jt-algebra-1.1.24.jar:/Users/panosgtzouras/.m2/repository/it/geosolutions/jaiext/bandmerge/jt-bandmerge/1.1.24/jt-bandmerge-1.1.24.jar:/Users/panosgtzouras/.m2/repository/it/geosolutions/jaiext/bandselect/jt-bandselect/1.1.24/jt-bandselect-1.1.24.jar:/Users/panosgtzouras/.m2/repository/it/geosolutions/jaiext/bandcombine/jt-bandcombine/1.1.24/jt-bandcombine-1.1.24.jar:/Users/panosgtzouras/.m2/repository/it/geosolutions/jaiext/border/jt-border/1.1.24/jt-border-1.1.24.jar:/Users/panosgtzouras/.m2/repository/it/geosolutions/jaiext/buffer/jt-buffer/1.1.24/jt-buffer-1.1.24.jar:/Users/panosgtzouras/.m2/repository/it/geosolutions/jaiext/crop/jt-crop/1.1.24/jt-crop-1.1.24.jar:/Users/panosgtzouras/.m2/repository/it/geosolutions/jaiext/iterators/jt-iterators/1.1.24/jt-iterators-1.1.24.jar:/Users/panosgtzouras/.m2/repository/it/geosolutions/jaiext/lookup/jt-lookup/1.1.24/jt-lookup-1.1.24.jar:/Users/panosgtzouras/.m2/repository/it/geosolutions/jaiext/mosaic/jt-mosaic/1.1.24/jt-mosaic-1.1.24.jar:/Users/panosgtzouras/.m2/repository/it/geosolutions/jaiext/nullop/jt-nullop/1.1.24/jt-nullop-1.1.24.jar:/Users/panosgtzouras/.m2/repository/it/geosolutions/jaiext/rescale/jt-rescale/1.1.24/jt-rescale-1.1.24.jar:/Users/panosgtzouras/.m2/repository/it/geosolutions/jaiext/scale/jt-scale/1.1.24/jt-scale-1.1.24.jar:/Users/panosgtzouras/.m2/repository/it/geosolutions/jaiext/scale2/jt-scale2/1.1.24/jt-scale2-1.1.24.jar:/Users/panosgtzouras/.m2/repository/org/huldra/math/bigint/0.7.1/bigint-0.7.1.jar:/Users/panosgtzouras/.m2/repository/it/geosolutions/jaiext/stats/jt-stats/1.1.24/jt-stats-1.1.24.jar:/Users/panosgtzouras/.m2/repository/it/geosolutions/jaiext/translate/jt-translate/1.1.24/jt-translate-1.1.24.jar:/Users/panosgtzouras/.m2/repository/it/geosolutions/jaiext/utilities/jt-utilities/1.1.24/jt-utilities-1.1.24.jar:/Users/panosgtzouras/.m2/repository/it/geosolutions/jaiext/warp/jt-warp/1.1.24/jt-warp-1.1.24.jar:/Users/panosgtzouras/.m2/repository/it/geosolutions/jaiext/zonal/jt-zonal/1.1.24/jt-zonal-1.1.24.jar:/Users/panosgtzouras/.m2/repository/it/geosolutions/jaiext/binarize/jt-binarize/1.1.24/jt-binarize-1.1.24.jar:/Users/panosgtzouras/.m2/repository/it/geosolutions/jaiext/format/jt-format/1.1.24/jt-format-1.1.24.jar:/Users/panosgtzouras/.m2/repository/it/geosolutions/jaiext/colorconvert/jt-colorconvert/1.1.24/jt-colorconvert-1.1.24.jar:/Users/panosgtzouras/.m2/repository/it/geosolutions/jaiext/errordiffusion/jt-errordiffusion/1.1.24/jt-errordiffusion-1.1.24.jar:/Users/panosgtzouras/.m2/repository/it/geosolutions/jaiext/orderdither/jt-orderdither/1.1.24/jt-orderdither-1.1.24.jar:/Users/panosgtzouras/.m2/repository/it/geosolutions/jaiext/colorindexer/jt-colorindexer/1.1.24/jt-colorindexer-1.1.24.jar:/Users/panosgtzouras/.m2/repository/it/geosolutions/jaiext/imagefunction/jt-imagefunction/1.1.24/jt-imagefunction-1.1.24.jar:/Users/panosgtzouras/.m2/repository/it/geosolutions/jaiext/piecewise/jt-piecewise/1.1.24/jt-piecewise-1.1.24.jar:/Users/panosgtzouras/.m2/repository/it/geosolutions/jaiext/classifier/jt-classifier/1.1.24/jt-classifier-1.1.24.jar:/Users/panosgtzouras/.m2/repository/it/geosolutions/jaiext/rlookup/jt-rlookup/1.1.24/jt-rlookup-1.1.24.jar:/Users/panosgtzouras/.m2/repository/it/geosolutions/jaiext/vectorbin/jt-vectorbin/1.1.24/jt-vectorbin-1.1.24.jar:/Users/panosgtzouras/.m2/repository/it/geosolutions/jaiext/shadedrelief/jt-shadedrelief/1.1.24/jt-shadedrelief-1.1.24.jar:/Users/panosgtzouras/.m2/repository/org/geotools/gt-jdbc/29.5/gt-jdbc-29.5.jar:/Users/panosgtzouras/.m2/repository/commons-dbcp/commons-dbcp/1.4/commons-dbcp-1.4.jar:/Users/panosgtzouras/.m2/repository/org/xerial/sqlite-jdbc/3.41.2.2/sqlite-jdbc-3.41.2.2.jar:/Users/panosgtzouras/.m2/repository/commons-io/commons-io/2.10.0/commons-io-2.10.0.jar:/Users/panosgtzouras/.m2/repository/org/geotools/xsd/gt-xsd-core/29.5/gt-xsd-core-29.5.jar:/Users/panosgtzouras/.m2/repository/org/geotools/gt-xml/29.5/gt-xml-29.5.jar:/Users/panosgtzouras/.m2/repository/org/apache/xml/xml-commons-resolver/1.2/xml-commons-resolver-1.2.jar:/Users/panosgtzouras/.m2/repository/picocontainer/picocontainer/1.2/picocontainer-1.2.jar:/Users/panosgtzouras/.m2/repository/commons-jxpath/commons-jxpath/1.3/commons-jxpath-1.3.jar:/Users/panosgtzouras/.m2/repository/org/apache/commons/commons-collections4/4.4/commons-collections4-4.4.jar:/Users/panosgtzouras/.m2/repository/org/eclipse/emf/org.eclipse.emf.common/2.15.0/org.eclipse.emf.common-2.15.0.jar:/Users/panosgtzouras/.m2/repository/org/eclipse/emf/org.eclipse.emf.ecore/2.15.0/org.eclipse.emf.ecore-2.15.0.jar:/Users/panosgtzouras/.m2/repository/org/eclipse/xsd/org.eclipse.xsd/2.12.0/org.eclipse.xsd-2.12.0.jar:/Users/panosgtzouras/.m2/repository/org/eclipse/emf/org.eclipse.emf.ecore.xmi/2.15.0/org.eclipse.emf.ecore.xmi-2.15.0.jar:/Users/panosgtzouras/.m2/repository/org/geotools/xsd/gt-xsd-fes/29.5/gt-xsd-fes-29.5.jar:/Users/panosgtzouras/.m2/repository/org/geotools/ogc/net.opengis.fes/29.5/net.opengis.fes-29.5.jar:/Users/panosgtzouras/.m2/repository/org/geotools/xsd/gt-xsd-gml3/29.5/gt-xsd-gml3-29.5.jar:/Users/panosgtzouras/.m2/repository/org/geotools/xsd/gt-xsd-gml2/29.5/gt-xsd-gml2-29.5.jar:/Users/panosgtzouras/.m2/repository/org/geotools/xsd/gt-xsd-ows/29.5/gt-xsd-ows-29.5.jar:/Users/panosgtzouras/.m2/repository/org/geotools/xsd/gt-xsd-filter/29.5/gt-xsd-filter-29.5.jar:/Users/panosgtzouras/.m2/repository/org/geotools/gt-epsg-hsql/29.5/gt-epsg-hsql-29.5.jar:/Users/panosgtzouras/.m2/repository/org/hsqldb/hsqldb/2.7.2/hsqldb-2.7.2.jar:/Users/panosgtzouras/.m2/repository/org/locationtech/jts/jts-core/1.19.0/jts-core-1.19.0.jar:/Users/panosgtzouras/.m2/repository/org/jfree/jfreechart/1.5.4/jfreechart-1.5.4.jar:/Users/panosgtzouras/.m2/repository/com/google/inject/guice/7.0.0/guice-7.0.0.jar:/Users/panosgtzouras/.m2/repository/jakarta/inject/jakarta.inject-api/2.0.1/jakarta.inject-api-2.0.1.jar:/Users/panosgtzouras/.m2/repository/aopalliance/aopalliance/1.0/aopalliance-1.0.jar:/Users/panosgtzouras/.m2/repository/com/google/inject/extensions/guice-grapher/7.0.0/guice-grapher-7.0.0.jar:/Users/panosgtzouras/.m2/repository/com/google/inject/extensions/guice-assistedinject/7.0.0/guice-assistedinject-7.0.0.jar:/Users/panosgtzouras/.m2/repository/com/google/guava/guava/33.1.0-jre/guava-33.1.0-jre.jar:/Users/panosgtzouras/.m2/repository/com/google/guava/failureaccess/1.0.2/failureaccess-1.0.2.jar:/Users/panosgtzouras/.m2/repository/com/google/guava/listenablefuture/9999.0-empty-to-avoid-conflict-with-guava/listenablefuture-9999.0-empty-to-avoid-conflict-with-guava.jar:/Users/panosgtzouras/.m2/repository/com/google/code/findbugs/jsr305/3.0.2/jsr305-3.0.2.jar:/Users/panosgtzouras/.m2/repository/org/checkerframework/checker-qual/3.42.0/checker-qual-3.42.0.jar:/Users/panosgtzouras/.m2/repository/com/google/errorprone/error_prone_annotations/2.26.1/error_prone_annotations-2.26.1.jar:/Users/panosgtzouras/.m2/repository/com/google/j2objc/j2objc-annotations/3.0.0/j2objc-annotations-3.0.0.jar:/Users/panosgtzouras/.m2/repository/org/jgrapht/jgrapht-core/1.5.2/jgrapht-core-1.5.2.jar:/Users/panosgtzouras/.m2/repository/org/jheaps/jheaps/0.14/jheaps-0.14.jar:/Users/panosgtzouras/.m2/repository/org/apfloat/apfloat/1.10.1/apfloat-1.10.1.jar:/Users/panosgtzouras/.m2/repository/net/sf/trove4j/trove4j/3.0.3/trove4j-3.0.3.jar:/Users/panosgtzouras/.m2/repository/org/lz4/lz4-java/1.8.0/lz4-java-1.8.0.jar:/Users/panosgtzouras/.m2/repository/com/github/luben/zstd-jni/1.5.6-2/zstd-jni-1.5.6-2.jar:/Users/panosgtzouras/.m2/repository/jakarta/validation/jakarta.validation-api/3.0.2/jakarta.validation-api-3.0.2.jar:/Users/panosgtzouras/.m2/repository/org/hibernate/validator/hibernate-validator/8.0.1.Final/hibernate-validator-8.0.1.Final.jar:/Users/panosgtzouras/.m2/repository/org/jboss/logging/jboss-logging/3.4.3.Final/jboss-logging-3.4.3.Final.jar:/Users/panosgtzouras/.m2/repository/com/fasterxml/classmate/1.5.1/classmate-1.5.1.jar:/Users/panosgtzouras/.m2/repository/org/hibernate/validator/hibernate-validator-annotation-processor/8.0.1.Final/hibernate-validator-annotation-processor-8.0.1.Final.jar:/Users/panosgtzouras/.m2/repository/org/glassfish/jakarta.el/4.0.2/jakarta.el-4.0.2.jar:/Users/panosgtzouras/.m2/repository/jakarta/el/jakarta.el-api/4.0.0/jakarta.el-api-4.0.0.jar:/Users/panosgtzouras/.m2/repository/org/apache/commons/commons-compress/1.26.1/commons-compress-1.26.1.jar:/Users/panosgtzouras/.m2/repository/commons-codec/commons-codec/1.16.1/commons-codec-1.16.1.jar:/Users/panosgtzouras/.m2/repository/org/apache/commons/commons-lang3/3.14.0/commons-lang3-3.14.0.jar:/Users/panosgtzouras/.m2/repository/org/apache/commons/commons-csv/1.10.0/commons-csv-1.10.0.jar:/Users/panosgtzouras/.m2/repository/jakarta/xml/bind/jakarta.xml.bind-api/4.0.2/jakarta.xml.bind-api-4.0.2.jar:/Users/panosgtzouras/.m2/repository/jakarta/activation/jakarta.activation-api/2.1.3/jakarta.activation-api-2.1.3.jar:/Users/panosgtzouras/.m2/repository/com/sun/xml/bind/jaxb-impl/4.0.5/jaxb-impl-4.0.5.jar:/Users/panosgtzouras/.m2/repository/com/sun/xml/bind/jaxb-core/4.0.5/jaxb-core-4.0.5.jar:/Users/panosgtzouras/.m2/repository/org/eclipse/angus/angus-activation/2.0.2/angus-activation-2.0.2.jar:/Users/panosgtzouras/.m2/repository/com/fasterxml/jackson/core/jackson-databind/2.16.2/jackson-databind-2.16.2.jar:/Users/panosgtzouras/.m2/repository/com/fasterxml/jackson/core/jackson-annotations/2.16.2/jackson-annotations-2.16.2.jar:/Users/panosgtzouras/.m2/repository/com/fasterxml/jackson/core/jackson-core/2.16.2/jackson-core-2.16.2.jar:/Users/panosgtzouras/.m2/repository/com/fasterxml/woodstox/woodstox-core/6.6.2/woodstox-core-6.6.2.jar:/Users/panosgtzouras/.m2/repository/org/codehaus/woodstox/stax2-api/4.2.2/stax2-api-4.2.2.jar:/Users/panosgtzouras/.m2/repository/org/apache/logging/log4j/log4j-api/2.23.1/log4j-api-2.23.1.jar:/Users/panosgtzouras/.m2/repository/org/apache/logging/log4j/log4j-core/2.23.1/log4j-core-2.23.1.jar:/Users/panosgtzouras/.m2/repository/org/junit/jupiter/junit-jupiter-engine/5.7.1/junit-jupiter-engine-5.7.1.jar:/Users/panosgtzouras/.m2/repository/org/apiguardian/apiguardian-api/1.1.0/apiguardian-api-1.1.0.jar:/Users/panosgtzouras/.m2/repository/org/junit/platform/junit-platform-engine/1.7.1/junit-platform-engine-1.7.1.jar:/Users/panosgtzouras/.m2/repository/org/opentest4j/opentest4j/1.2.0/opentest4j-1.2.0.jar:/Users/panosgtzouras/.m2/repository/org/junit/platform/junit-platform-commons/1.7.1/junit-platform-commons-1.7.1.jar:/Users/panosgtzouras/.m2/repository/org/junit/jupiter/junit-jupiter-api/5.7.1/junit-jupiter-api-5.7.1.jar:/Users/panosgtzouras/.m2/repository/org/junit/jupiter/junit-jupiter-params/5.7.1/junit-jupiter-params-5.7.1.jar:"/>
    <property name="java.vm.vendor" value="Eclipse Adoptium"/>
    <property name="sun.arch.data.model" value="64"/>
    <property name="java.vendor.url" value="https://adoptium.net/"/>
    <property name="os.name" value="Mac OS X"/>
    <property name="java.vm.specification.version" value="21"/>
    <property name="sun.java.launcher" value="SUN_STANDARD"/>
    <property name="user.country" value="GR"/>
    <property name="sun.boot.library.path" value="/Applications/Eclipse.app/Contents/Eclipse/plugins/org.eclipse.justj.openjdk.hotspot.jre.full.macosx.x86_64_21.0.4.v20240802-1551/jre/lib"/>
    <property name="sun.java.command" value="/Users/panosgtzouras/Desktop/github_tzouras/Psafe/target/surefire/surefirebooter13442966032894726578.jar /Users/panosgtzouras/Desktop/github_tzouras/Psafe/target/surefire 2024-10-26T20-43-39_042-jvmRun1 surefire4949286320946528646tmp surefire_017021787494194514086tmp"/>
    <property name="http.nonProxyHosts" value="local|*.local|169.254/16|*.169.254/16"/>
    <property name="jdk.debug" value="release"/>
    <property name="surefire.test.class.path" value="/Users/panosgtzouras/Desktop/github_tzouras/Psafe/target/test-classes:/Users/panosgtzouras/Desktop/github_tzouras/Psafe/target/classes:/Users/panosgtzouras/.m2/repository/org/matsim/matsim/2024.0/matsim-2024.0.jar:/Users/panosgtzouras/.m2/repository/it/unimi/dsi/fastutil-core/8.5.13/fastutil-core-8.5.13.jar:/Users/panosgtzouras/.m2/repository/org/geotools/gt-main/29.5/gt-main-29.5.jar:/Users/panosgtzouras/.m2/repository/org/geotools/gt-http/29.5/gt-http-29.5.jar:/Users/panosgtzouras/.m2/repository/org/apache/commons/commons-text/1.10.0/commons-text-1.10.0.jar:/Users/panosgtzouras/.m2/repository/com/google/re2j/re2j/1.6/re2j-1.6.jar:/Users/panosgtzouras/.m2/repository/org/ejml/ejml-ddense/0.41/ejml-ddense-0.41.jar:/Users/panosgtzouras/.m2/repository/org/ejml/ejml-core/0.41/ejml-core-0.41.jar:/Users/panosgtzouras/.m2/repository/javax/media/jai_core/1.1.3/jai_core-1.1.3.jar:/Users/panosgtzouras/.m2/repository/org/geotools/gt-referencing/29.5/gt-referencing-29.5.jar:/Users/panosgtzouras/.m2/repository/commons-pool/commons-pool/1.5.4/commons-pool-1.5.4.jar:/Users/panosgtzouras/.m2/repository/org/geotools/gt-metadata/29.5/gt-metadata-29.5.jar:/Users/panosgtzouras/.m2/repository/org/geotools/gt-opengis/29.5/gt-opengis-29.5.jar:/Users/panosgtzouras/.m2/repository/systems/uom/systems-common/2.1/systems-common-2.1.jar:/Users/panosgtzouras/.m2/repository/javax/measure/unit-api/2.1.2/unit-api-2.1.2.jar:/Users/panosgtzouras/.m2/repository/si/uom/si-quantity/2.1/si-quantity-2.1.jar:/Users/panosgtzouras/.m2/repository/si/uom/si-units/2.1/si-units-2.1.jar:/Users/panosgtzouras/.m2/repository/jakarta/annotation/jakarta.annotation-api/1.3.4/jakarta.annotation-api-1.3.4.jar:/Users/panosgtzouras/.m2/repository/tech/units/indriya/2.1.3/indriya-2.1.3.jar:/Users/panosgtzouras/.m2/repository/tech/uom/lib/uom-lib-common/2.1/uom-lib-common-2.1.jar:/Users/panosgtzouras/.m2/repository/javax/inject/javax.inject/1/javax.inject-1.jar:/Users/panosgtzouras/.m2/repository/org/geotools/ogc/net.opengis.ows/29.5/net.opengis.ows-29.5.jar:/Users/panosgtzouras/.m2/repository/org/geotools/ogc/org.w3.xlink/29.5/org.w3.xlink-29.5.jar:/Users/panosgtzouras/.m2/repository/it/geosolutions/jgridshift/jgridshift-core/1.3/jgridshift-core-1.3.jar:/Users/panosgtzouras/.m2/repository/net/sf/geographiclib/GeographicLib-Java/1.49/GeographicLib-Java-1.49.jar:/Users/panosgtzouras/.m2/repository/org/geotools/gt-shapefile/29.5/gt-shapefile-29.5.jar:/Users/panosgtzouras/.m2/repository/org/geotools/gt-geopkg/29.5/gt-geopkg-29.5.jar:/Users/panosgtzouras/.m2/repository/org/geotools/gt-coverage/29.5/gt-coverage-29.5.jar:/Users/panosgtzouras/.m2/repository/javax/media/jai_imageio/1.1/jai_imageio-1.1.jar:/Users/panosgtzouras/.m2/repository/it/geosolutions/imageio-ext/imageio-ext-tiff/1.4.7/imageio-ext-tiff-1.4.7.jar:/Users/panosgtzouras/.m2/repository/it/geosolutions/imageio-ext/imageio-ext-utilities/1.4.7/imageio-ext-utilities-1.4.7.jar:/Users/panosgtzouras/.m2/repository/it/geosolutions/imageio-ext/imageio-ext-geocore/1.4.7/imageio-ext-geocore-1.4.7.jar:/Users/panosgtzouras/.m2/repository/it/geosolutions/imageio-ext/imageio-ext-streams/1.4.7/imageio-ext-streams-1.4.7.jar:/Users/panosgtzouras/.m2/repository/javax/xml/bind/jaxb-api/2.4.0-b180830.0359/jaxb-api-2.4.0-b180830.0359.jar:/Users/panosgtzouras/.m2/repository/org/glassfish/jaxb/jaxb-runtime/2.4.0-b180830.0438/jaxb-runtime-2.4.0-b180830.0438.jar:/Users/panosgtzouras/.m2/repository/org/glassfish/jaxb/txw2/2.4.0-b180830.0438/txw2-2.4.0-b180830.0438.jar:/Users/panosgtzouras/.m2/repository/com/sun/istack/istack-commons-runtime/3.0.7/istack-commons-runtime-3.0.7.jar:/Users/panosgtzouras/.m2/repository/org/jvnet/staxex/stax-ex/1.8/stax-ex-1.8.jar:/Users/panosgtzouras/.m2/repository/com/sun/xml/fastinfoset/FastInfoset/1.2.15/FastInfoset-1.2.15.jar:/Users/panosgtzouras/.m2/repository/javax/activation/javax.activation-api/1.2.0/javax.activation-api-1.2.0.jar:/Users/panosgtzouras/.m2/repository/io/airlift/aircompressor/0.20/aircompressor-0.20.jar:/Users/panosgtzouras/.m2/repository/javax/media/jai_codec/1.1.3/jai_codec-1.1.3.jar:/Users/panosgtzouras/.m2/repository/org/jaitools/jt-zonalstats/1.6.0/jt-zonalstats-1.6.0.jar:/Users/panosgtzouras/.m2/repository/org/jaitools/jt-utils/1.6.0/jt-utils-1.6.0.jar:/Users/panosgtzouras/.m2/repository/it/geosolutions/jaiext/affine/jt-affine/1.1.24/jt-affine-1.1.24.jar:/Users/panosgtzouras/.m2/repository/it/geosolutions/jaiext/algebra/jt-algebra/1.1.24/jt-algebra-1.1.24.jar:/Users/panosgtzouras/.m2/repository/it/geosolutions/jaiext/bandmerge/jt-bandmerge/1.1.24/jt-bandmerge-1.1.24.jar:/Users/panosgtzouras/.m2/repository/it/geosolutions/jaiext/bandselect/jt-bandselect/1.1.24/jt-bandselect-1.1.24.jar:/Users/panosgtzouras/.m2/repository/it/geosolutions/jaiext/bandcombine/jt-bandcombine/1.1.24/jt-bandcombine-1.1.24.jar:/Users/panosgtzouras/.m2/repository/it/geosolutions/jaiext/border/jt-border/1.1.24/jt-border-1.1.24.jar:/Users/panosgtzouras/.m2/repository/it/geosolutions/jaiext/buffer/jt-buffer/1.1.24/jt-buffer-1.1.24.jar:/Users/panosgtzouras/.m2/repository/it/geosolutions/jaiext/crop/jt-crop/1.1.24/jt-crop-1.1.24.jar:/Users/panosgtzouras/.m2/repository/it/geosolutions/jaiext/iterators/jt-iterators/1.1.24/jt-iterators-1.1.24.jar:/Users/panosgtzouras/.m2/repository/it/geosolutions/jaiext/lookup/jt-lookup/1.1.24/jt-lookup-1.1.24.jar:/Users/panosgtzouras/.m2/repository/it/geosolutions/jaiext/mosaic/jt-mosaic/1.1.24/jt-mosaic-1.1.24.jar:/Users/panosgtzouras/.m2/repository/it/geosolutions/jaiext/nullop/jt-nullop/1.1.24/jt-nullop-1.1.24.jar:/Users/panosgtzouras/.m2/repository/it/geosolutions/jaiext/rescale/jt-rescale/1.1.24/jt-rescale-1.1.24.jar:/Users/panosgtzouras/.m2/repository/it/geosolutions/jaiext/scale/jt-scale/1.1.24/jt-scale-1.1.24.jar:/Users/panosgtzouras/.m2/repository/it/geosolutions/jaiext/scale2/jt-scale2/1.1.24/jt-scale2-1.1.24.jar:/Users/panosgtzouras/.m2/repository/org/huldra/math/bigint/0.7.1/bigint-0.7.1.jar:/Users/panosgtzouras/.m2/repository/it/geosolutions/jaiext/stats/jt-stats/1.1.24/jt-stats-1.1.24.jar:/Users/panosgtzouras/.m2/repository/it/geosolutions/jaiext/translate/jt-translate/1.1.24/jt-translate-1.1.24.jar:/Users/panosgtzouras/.m2/repository/it/geosolutions/jaiext/utilities/jt-utilities/1.1.24/jt-utilities-1.1.24.jar:/Users/panosgtzouras/.m2/repository/it/geosolutions/jaiext/warp/jt-warp/1.1.24/jt-warp-1.1.24.jar:/Users/panosgtzouras/.m2/repository/it/geosolutions/jaiext/zonal/jt-zonal/1.1.24/jt-zonal-1.1.24.jar:/Users/panosgtzouras/.m2/repository/it/geosolutions/jaiext/binarize/jt-binarize/1.1.24/jt-binarize-1.1.24.jar:/Users/panosgtzouras/.m2/repository/it/geosolutions/jaiext/format/jt-format/1.1.24/jt-format-1.1.24.jar:/Users/panosgtzouras/.m2/repository/it/geosolutions/jaiext/colorconvert/jt-colorconvert/1.1.24/jt-colorconvert-1.1.24.jar:/Users/panosgtzouras/.m2/repository/it/geosolutions/jaiext/errordiffusion/jt-errordiffusion/1.1.24/jt-errordiffusion-1.1.24.jar:/Users/panosgtzouras/.m2/repository/it/geosolutions/jaiext/orderdither/jt-orderdither/1.1.24/jt-orderdither-1.1.24.jar:/Users/panosgtzouras/.m2/repository/it/geosolutions/jaiext/colorindexer/jt-colorindexer/1.1.24/jt-colorindexer-1.1.24.jar:/Users/panosgtzouras/.m2/repository/it/geosolutions/jaiext/imagefunction/jt-imagefunction/1.1.24/jt-imagefunction-1.1.24.jar:/Users/panosgtzouras/.m2/repository/it/geosolutions/jaiext/piecewise/jt-piecewise/1.1.24/jt-piecewise-1.1.24.jar:/Users/panosgtzouras/.m2/repository/it/geosolutions/jaiext/classifier/jt-classifier/1.1.24/jt-classifier-1.1.24.jar:/Users/panosgtzouras/.m2/repository/it/geosolutions/jaiext/rlookup/jt-rlookup/1.1.24/jt-rlookup-1.1.24.jar:/Users/panosgtzouras/.m2/repository/it/geosolutions/jaiext/vectorbin/jt-vectorbin/1.1.24/jt-vectorbin-1.1.24.jar:/Users/panosgtzouras/.m2/repository/it/geosolutions/jaiext/shadedrelief/jt-shadedrelief/1.1.24/jt-shadedrelief-1.1.24.jar:/Users/panosgtzouras/.m2/repository/org/geotools/gt-jdbc/29.5/gt-jdbc-29.5.jar:/Users/panosgtzouras/.m2/repository/commons-dbcp/commons-dbcp/1.4/commons-dbcp-1.4.jar:/Users/panosgtzouras/.m2/repository/org/xerial/sqlite-jdbc/3.41.2.2/sqlite-jdbc-3.41.2.2.jar:/Users/panosgtzouras/.m2/repository/commons-io/commons-io/2.10.0/commons-io-2.10.0.jar:/Users/panosgtzouras/.m2/repository/org/geotools/xsd/gt-xsd-core/29.5/gt-xsd-core-29.5.jar:/Users/panosgtzouras/.m2/repository/org/geotools/gt-xml/29.5/gt-xml-29.5.jar:/Users/panosgtzouras/.m2/repository/org/apache/xml/xml-commons-resolver/1.2/xml-commons-resolver-1.2.jar:/Users/panosgtzouras/.m2/repository/picocontainer/picocontainer/1.2/picocontainer-1.2.jar:/Users/panosgtzouras/.m2/repository/commons-jxpath/commons-jxpath/1.3/commons-jxpath-1.3.jar:/Users/panosgtzouras/.m2/repository/org/apache/commons/commons-collections4/4.4/commons-collections4-4.4.jar:/Users/panosgtzouras/.m2/repository/org/eclipse/emf/org.eclipse.emf.common/2.15.0/org.eclipse.emf.common-2.15.0.jar:/Users/panosgtzouras/.m2/repository/org/eclipse/emf/org.eclipse.emf.ecore/2.15.0/org.eclipse.emf.ecore-2.15.0.jar:/Users/panosgtzouras/.m2/repository/org/eclipse/xsd/org.eclipse.xsd/2.12.0/org.eclipse.xsd-2.12.0.jar:/Users/panosgtzouras/.m2/repository/org/eclipse/emf/org.eclipse.emf.ecore.xmi/2.15.0/org.eclipse.emf.ecore.xmi-2.15.0.jar:/Users/panosgtzouras/.m2/repository/org/geotools/xsd/gt-xsd-fes/29.5/gt-xsd-fes-29.5.jar:/Users/panosgtzouras/.m2/repository/org/geotools/ogc/net.opengis.fes/29.5/net.opengis.fes-29.5.jar:/Users/panosgtzouras/.m2/repository/org/geotools/xsd/gt-xsd-gml3/29.5/gt-xsd-gml3-29.5.jar:/Users/panosgtzouras/.m2/repository/org/geotools/xsd/gt-xsd-gml2/29.5/gt-xsd-gml2-29.5.jar:/Users/panosgtzouras/.m2/repository/org/geotools/xsd/gt-xsd-ows/29.5/gt-xsd-ows-29.5.jar:/Users/panosgtzouras/.m2/repository/org/geotools/xsd/gt-xsd-filter/29.5/gt-xsd-filter-29.5.jar:/Users/panosgtzouras/.m2/repository/org/geotools/gt-epsg-hsql/29.5/gt-epsg-hsql-29.5.jar:/Users/panosgtzouras/.m2/repository/org/hsqldb/hsqldb/2.7.2/hsqldb-2.7.2.jar:/Users/panosgtzouras/.m2/repository/org/locationtech/jts/jts-core/1.19.0/jts-core-1.19.0.jar:/Users/panosgtzouras/.m2/repository/org/jfree/jfreechart/1.5.4/jfreechart-1.5.4.jar:/Users/panosgtzouras/.m2/repository/com/google/inject/guice/7.0.0/guice-7.0.0.jar:/Users/panosgtzouras/.m2/repository/jakarta/inject/jakarta.inject-api/2.0.1/jakarta.inject-api-2.0.1.jar:/Users/panosgtzouras/.m2/repository/aopalliance/aopalliance/1.0/aopalliance-1.0.jar:/Users/panosgtzouras/.m2/repository/com/google/inject/extensions/guice-grapher/7.0.0/guice-grapher-7.0.0.jar:/Users/panosgtzouras/.m2/repository/com/google/inject/extensions/guice-assistedinject/7.0.0/guice-assistedinject-7.0.0.jar:/Users/panosgtzouras/.m2/repository/com/google/guava/guava/33.1.0-jre/guava-33.1.0-jre.jar:/Users/panosgtzouras/.m2/repository/com/google/guava/failureaccess/1.0.2/failureaccess-1.0.2.jar:/Users/panosgtzouras/.m2/repository/com/google/guava/listenablefuture/9999.0-empty-to-avoid-conflict-with-guava/listenablefuture-9999.0-empty-to-avoid-conflict-with-guava.jar:/Users/panosgtzouras/.m2/repository/com/google/code/findbugs/jsr305/3.0.2/jsr305-3.0.2.jar:/Users/panosgtzouras/.m2/repository/org/checkerframework/checker-qual/3.42.0/checker-qual-3.42.0.jar:/Users/panosgtzouras/.m2/repository/com/google/errorprone/error_prone_annotations/2.26.1/error_prone_annotations-2.26.1.jar:/Users/panosgtzouras/.m2/repository/com/google/j2objc/j2objc-annotations/3.0.0/j2objc-annotations-3.0.0.jar:/Users/panosgtzouras/.m2/repository/org/jgrapht/jgrapht-core/1.5.2/jgrapht-core-1.5.2.jar:/Users/panosgtzouras/.m2/repository/org/jheaps/jheaps/0.14/jheaps-0.14.jar:/Users/panosgtzouras/.m2/repository/org/apfloat/apfloat/1.10.1/apfloat-1.10.1.jar:/Users/panosgtzouras/.m2/repository/net/sf/trove4j/trove4j/3.0.3/trove4j-3.0.3.jar:/Users/panosgtzouras/.m2/repository/org/lz4/lz4-java/1.8.0/lz4-java-1.8.0.jar:/Users/panosgtzouras/.m2/repository/com/github/luben/zstd-jni/1.5.6-2/zstd-jni-1.5.6-2.jar:/Users/panosgtzouras/.m2/repository/jakarta/validation/jakarta.validation-api/3.0.2/jakarta.validation-api-3.0.2.jar:/Users/panosgtzouras/.m2/repository/org/hibernate/validator/hibernate-validator/8.0.1.Final/hibernate-validator-8.0.1.Final.jar:/Users/panosgtzouras/.m2/repository/org/jboss/logging/jboss-logging/3.4.3.Final/jboss-logging-3.4.3.Final.jar:/Users/panosgtzouras/.m2/repository/com/fasterxml/classmate/1.5.1/classmate-1.5.1.jar:/Users/panosgtzouras/.m2/repository/org/hibernate/validator/hibernate-validator-annotation-processor/8.0.1.Final/hibernate-validator-annotation-processor-8.0.1.Final.jar:/Users/panosgtzouras/.m2/repository/org/glassfish/jakarta.el/4.0.2/jakarta.el-4.0.2.jar:/Users/panosgtzouras/.m2/repository/jakarta/el/jakarta.el-api/4.0.0/jakarta.el-api-4.0.0.jar:/Users/panosgtzouras/.m2/repository/org/apache/commons/commons-compress/1.26.1/commons-compress-1.26.1.jar:/Users/panosgtzouras/.m2/repository/commons-codec/commons-codec/1.16.1/commons-codec-1.16.1.jar:/Users/panosgtzouras/.m2/repository/org/apache/commons/commons-lang3/3.14.0/commons-lang3-3.14.0.jar:/Users/panosgtzouras/.m2/repository/org/apache/commons/commons-csv/1.10.0/commons-csv-1.10.0.jar:/Users/panosgtzouras/.m2/repository/jakarta/xml/bind/jakarta.xml.bind-api/4.0.2/jakarta.xml.bind-api-4.0.2.jar:/Users/panosgtzouras/.m2/repository/jakarta/activation/jakarta.activation-api/2.1.3/jakarta.activation-api-2.1.3.jar:/Users/panosgtzouras/.m2/repository/com/sun/xml/bind/jaxb-impl/4.0.5/jaxb-impl-4.0.5.jar:/Users/panosgtzouras/.m2/repository/com/sun/xml/bind/jaxb-core/4.0.5/jaxb-core-4.0.5.jar:/Users/panosgtzouras/.m2/repository/org/eclipse/angus/angus-activation/2.0.2/angus-activation-2.0.2.jar:/Users/panosgtzouras/.m2/repository/com/fasterxml/jackson/core/jackson-databind/2.16.2/jackson-databind-2.16.2.jar:/Users/panosgtzouras/.m2/repository/com/fasterxml/jackson/core/jackson-annotations/2.16.2/jackson-annotations-2.16.2.jar:/Users/panosgtzouras/.m2/repository/com/fasterxml/jackson/core/jackson-core/2.16.2/jackson-core-2.16.2.jar:/Users/panosgtzouras/.m2/repository/com/fasterxml/woodstox/woodstox-core/6.6.2/woodstox-core-6.6.2.jar:/Users/panosgtzouras/.m2/repository/org/codehaus/woodstox/stax2-api/4.2.2/stax2-api-4.2.2.jar:/Users/panosgtzouras/.m2/repository/org/apache/logging/log4j/log4j-api/2.23.1/log4j-api-2.23.1.jar:/Users/panosgtzouras/.m2/repository/org/apache/logging/log4j/log4j-core/2.23.1/log4j-core-2.23.1.jar:/Users/panosgtzouras/.m2/repository/org/junit/jupiter/junit-jupiter-engine/5.7.1/junit-jupiter-engine-5.7.1.jar:/Users/panosgtzouras/.m2/repository/org/apiguardian/apiguardian-api/1.1.0/apiguardian-api-1.1.0.jar:/Users/panosgtzouras/.m2/repository/org/junit/platform/junit-platform-engine/1.7.1/junit-platform-engine-1.7.1.jar:/Users/panosgtzouras/.m2/repository/org/opentest4j/opentest4j/1.2.0/opentest4j-1.2.0.jar:/Users/panosgtzouras/.m2/repository/org/junit/platform/junit-platform-commons/1.7.1/junit-platform-commons-1.7.1.jar:/Users/panosgtzouras/.m2/repository/org/junit/jupiter/junit-jupiter-api/5.7.1/junit-jupiter-api-5.7.1.jar:/Users/panosgtzouras/.m2/repository/org/junit/jupiter/junit-jupiter-params/5.7.1/junit-jupiter-params-5.7.1.jar:"/>
    <property name="sun.cpu.endian" value="little"/>
    <property name="user.home" value="/Users/panosgtzouras"/>
    <property name="user.language" value="en"/>
    <property name="java.specification.vendor" value="Oracle Corporation"/>
    <property name="java.version.date" value="2024-07-16"/>
    <property name="java.home" value="/Applications/Eclipse.app/Contents/Eclipse/plugins/org.eclipse.justj.openjdk.hotspot.jre.full.macosx.x86_64_21.0.4.v20240802-1551/jre"/>
    <property name="file.separator" value="/"/>
    <property name="basedir" value="/Users/panosgtzouras/Desktop/github_tzouras/Psafe"/>
    <property name="style.color" value="always"/>
    <property name="java.vm.compressedOopsMode" value="Zero based"/>
    <property name="line.separator" value="&#10;"/>
    <property name="java.vm.specification.vendor" value="Oracle Corporation"/>
    <property name="java.specification.name" value="Java Platform API Specification"/>
    <property name="apple.awt.application.name" value="ForkedBooter"/>
    <property name="surefire.real.class.path" value="/Users/panosgtzouras/Desktop/github_tzouras/Psafe/target/surefire/surefirebooter13442966032894726578.jar"/>
    <property name="sun.management.compiler" value="HotSpot 64-Bit Tiered Compilers"/>
    <property name="ftp.nonProxyHosts" value="local|*.local|169.254/16|*.169.254/16"/>
    <property name="java.runtime.version" value="21.0.4+7-LTS"/>
    <property name="user.name" value="panosgtzouras"/>
    <property name="stdout.encoding" value="UTF-8"/>
    <property name="path.separator" value=":"/>
    <property name="os.version" value="14.6.1"/>
    <property name="java.runtime.name" value="OpenJDK Runtime Environment"/>
    <property name="file.encoding" value="UTF-8"/>
    <property name="java.vm.name" value="OpenJDK 64-Bit Server VM"/>
    <property name="java.vendor.version" value="Temurin-21.0.4+7"/>
    <property name="localRepository" value="/Users/panosgtzouras/.m2/repository"/>
    <property name="java.vendor.url.bug" value="https://github.com/adoptium/adoptium-support/issues"/>
    <property name="java.io.tmpdir" value="/var/folders/g5/6xpn96g96sd9846nlsmm06_00000gn/T/"/>
    <property name="java.version" value="21.0.4"/>
    <property name="user.dir" value="/Users/panosgtzouras/Desktop/github_tzouras/Psafe"/>
    <property name="os.arch" value="x86_64"/>
    <property name="java.vm.specification.name" value="Java Virtual Machine Specification"/>
    <property name="native.encoding" value="UTF-8"/>
    <property name="java.library.path" value="/Users/panosgtzouras/Library/Java/Extensions:/Library/Java/Extensions:/Network/Library/Java/Extensions:/System/Library/Java/Extensions:/usr/lib/java:."/>
    <property name="java.vm.info" value="mixed mode"/>
    <property name="stderr.encoding" value="UTF-8"/>
    <property name="java.vendor" value="Eclipse Adoptium"/>
    <property name="java.vm.version" value="21.0.4+7-LTS"/>
    <property name="sun.io.unicode.encoding" value="UnicodeBig"/>
    <property name="socksNonProxyHosts" value="local|*.local|169.254/16|*.169.254/16"/>
    <property name="java.class.version" value="65.0"/>
  </properties>
  <testcase name="shouldAnswerWithTrue" classname="org.matsim.contrib.Psafe.AppTest" time="0.024"/>
</testsuite>